<?xml version="1.0" encoding="UTF-8"?>
<testsuite name="com.csc.TestFuzzyFinder" tests="4" skipped="0" failures="0" errors="0" timestamp="2024-10-26T23:04:55" hostname="EL_TOTE1" time="0.043">
  <properties/>
  <testcase name="TestSortedBinarySearch()" classname="com.csc.TestFuzzyFinder" time="0.026"/>
  <testcase name="TestRandomLinearSearch()" classname="com.csc.TestFuzzyFinder" time="0.006"/>
  <testcase name="TestRadBinarySearch()" classname="com.csc.TestFuzzyFinder" time="0.003"/>
  <testcase name="exampleSortedFuzziesLiearSearch()" classname="com.csc.TestFuzzyFinder" time="0.004"/>
  <system-out><![CDATA[]]></system-out>
  <system-err><![CDATA[]]></system-err>
</testsuite>
